0 info it worked if it ends with ok
1 verbose cli [ '/usr/local/bin/node', '/usr/local/bin/npm', 'run', 'relay' ]
2 info using npm@3.10.10
3 info using node@v6.11.1
4 verbose run-script [ 'prerelay', 'relay', 'postrelay' ]
5 info lifecycle myReduxTest@1.0.0~prerelay: myReduxTest@1.0.0
6 silly lifecycle myReduxTest@1.0.0~prerelay: no script for prerelay, continuing
7 info lifecycle myReduxTest@1.0.0~relay: myReduxTest@1.0.0
8 verbose lifecycle myReduxTest@1.0.0~relay: unsafe-perm in lifecycle true
9 verbose lifecycle myReduxTest@1.0.0~relay: PATH: /usr/local/lib/node_modules/npm/bin/node-gyp-bin:/Users/44085523/Documents/projects/poker-fe/node_modules/.bin:/opt/local/bin:/opt/local/sbin:/usr/local/bin:/usr/bin:/bin:/usr/sbin:/sbin:/usr/local/sbin
10 verbose lifecycle myReduxTest@1.0.0~relay: CWD: /Users/44085523/Documents/projects/poker-fe
11 silly lifecycle myReduxTest@1.0.0~relay: Args: [ '-c',
11 silly lifecycle   'relay-compiler --src ./src --schema ./config/schema.json --watch' ]
12 silly lifecycle myReduxTest@1.0.0~relay: Returned: code: 1  signal: null
13 info lifecycle myReduxTest@1.0.0~relay: Failed to exec relay script
14 verbose stack Error: myReduxTest@1.0.0 relay: `relay-compiler --src ./src --schema ./config/schema.json --watch`
14 verbose stack Exit status 1
14 verbose stack     at EventEmitter.<anonymous> (/usr/local/lib/node_modules/npm/lib/utils/lifecycle.js:255:16)
14 verbose stack     at emitTwo (events.js:106:13)
14 verbose stack     at EventEmitter.emit (events.js:191:7)
14 verbose stack     at ChildProcess.<anonymous> (/usr/local/lib/node_modules/npm/lib/utils/spawn.js:40:14)
14 verbose stack     at emitTwo (events.js:106:13)
14 verbose stack     at ChildProcess.emit (events.js:191:7)
14 verbose stack     at maybeClose (internal/child_process.js:891:16)
14 verbose stack     at Process.ChildProcess._handle.onexit (internal/child_process.js:226:5)
15 verbose pkgid myReduxTest@1.0.0
16 verbose cwd /Users/44085523/Documents/projects/poker-fe
17 error Darwin 16.7.0
18 error argv "/usr/local/bin/node" "/usr/local/bin/npm" "run" "relay"
19 error node v6.11.1
20 error npm  v3.10.10
21 error code ELIFECYCLE
22 error myReduxTest@1.0.0 relay: `relay-compiler --src ./src --schema ./config/schema.json --watch`
22 error Exit status 1
23 error Failed at the myReduxTest@1.0.0 relay script 'relay-compiler --src ./src --schema ./config/schema.json --watch'.
23 error Make sure you have the latest version of node.js and npm installed.
23 error If you do, this is most likely a problem with the myReduxTest package,
23 error not with npm itself.
23 error Tell the author that this fails on your system:
23 error     relay-compiler --src ./src --schema ./config/schema.json --watch
23 error You can get information on how to open an issue for this project with:
23 error     npm bugs myReduxTest
23 error Or if that isn't available, you can get their info via:
23 error     npm owner ls myReduxTest
23 error There is likely additional logging output above.
24 verbose exit [ 1, true ]
